<?xml version="1.0" encoding="UTF-8"?>
<!-- Generated by org.testng.reporters.JUnitXMLReporter -->
<testsuite ignored="0" hostname="Sukanya" failures="0" tests="4" name="Test" time="48.236" errors="0" timestamp="2026-05-27T17:27:42 IST">
  <testcase classname="testCases.TC001_AccountRegistrationTest" name="verify_account_registration" time="6.713"/>
  <testcase classname="testCases.TC003_LoginDDT" name="verify_loginDDT" time="3.295"/>
  <testcase classname="testCases.TC003_LoginDDT" name="verify_loginDDT" time="2.995"/>
  <testcase classname="testCases.TC003_LoginDDT" name="verify_loginDDT" time="13.129"/>
</testsuite> <!-- Test -->
