<?xml version="1.0" encoding="UTF-8"?>
<!-- Generated by org.testng.reporters.JUnitXMLReporter -->
<testsuite ignored="0" hostname="Sukanya" failures="0" tests="3" name="Test" time="38.144" errors="0" timestamp="2026-05-25T12:56:52 IST">
  <testcase classname="testCases.TC003_LoginDDT" name="verify_loginDDT" time="5.7"/>
  <testcase classname="testCases.TC003_LoginDDT" name="verify_loginDDT" time="5.588"/>
  <testcase classname="testCases.TC003_LoginDDT" name="verify_loginDDT" time="13.045"/>
</testsuite> <!-- Test -->
