<?xml version="1.0" encoding="UTF-8"?>
<!-- Generated by org.testng.reporters.JUnitXMLReporter -->
<testsuite ignored="0" hostname="Sukanya" failures="0" tests="1" name="Test1" time="4.316" errors="0" timestamp="2025-11-14T15:39:35 IST">
  <testcase classname="testBase.BaseClass" name="@BeforeClass setUp" time="-1.763114970548E9">
    <failure type="org.testng.TestNGException" message="
Parameter &amp;apos;browser&amp;apos; is required by BeforeClass on method setUp but has not been marked @Optional or defined
in C:\Users\sukan\eclipse-MySeleniumProject\OpenCart_1.0\parallel.xml">
      <![CDATA[org.testng.TestNGException: 
Parameter 'browser' is required by BeforeClass on method setUp but has not been marked @Optional or defined
in C:\Users\sukan\eclipse-MySeleniumProject\OpenCart_1.0\parallel.xml
at java.base/java.util.ArrayList.forEach(ArrayList.java:1511)
at java.base/java.util.concurrent.FutureTask.run(FutureTask.java:264)
at java.base/java.util.concurrent.ThreadPoolExecutor.runWorker(ThreadPoolExecutor.java:1130)
at java.base/java.util.concurrent.ThreadPoolExecutor$Worker.run(ThreadPoolExecutor.java:630)
at java.base/java.lang.Thread.run(Thread.java:831)
... Removed 12 stack frames]]>
    </failure>
  </testcase> <!-- @BeforeClass setUp -->
  <testcase classname="testBase.BaseClass" name="@AfterClass tearDown" time="0.0">
    <skipped/>
  </testcase> <!-- @AfterClass tearDown -->
  <testcase classname="testCases.TC001_AccountRegistrationTest" name="verify_account_registration" time="1.662"/>
</testsuite> <!-- Test1 -->
