<?xml version="1.0" encoding="UTF-8"?>
<!-- Generated by org.testng.reporters.JUnitXMLReporter -->
<testsuite ignored="0" hostname="Sukanya" failures="0" tests="3" name="edgeTest" time="38.915" errors="0" timestamp="2025-11-16T14:13:46 IST">
  <testcase classname="testCases.TC003_LoginDDT" name="verify_loginDDT" time="5.581"/>
  <testcase classname="testCases.TC003_LoginDDT" name="verify_loginDDT" time="5.988"/>
  <testcase classname="testCases.TC003_LoginDDT" name="verify_loginDDT" time="13.079"/>
</testsuite> <!-- edgeTest -->
