<?xml version="1.0" encoding="UTF-8"?>
<testng-results ignored="0" total="4" passed="4" failed="0" skipped="0">
  <reporter-output>
  </reporter-output>
  <suite started-at="2026-05-27T17:26:51 IST" name="Master Suite" finished-at="2026-05-27T17:27:39 IST" duration-ms="48236">
    <groups>
      <group name="Master">
        <method signature="TC001_AccountRegistrationTest.verify_account_registration()[pri:0, instance:testCases.TC001_AccountRegistrationTest@49c66ade]" name="verify_account_registration" class="testCases.TC001_AccountRegistrationTest"/>
      </group> <!-- Master -->
      <group name="DataDriven">
        <method signature="TC003_LoginDDT.verify_loginDDT(java.lang.String,java.lang.String,java.lang.String)[pri:0, instance:testCases.TC003_LoginDDT@7164ca4c]" name="verify_loginDDT" class="testCases.TC003_LoginDDT"/>
      </group> <!-- DataDriven -->
      <group name="Regression">
        <method signature="TC001_AccountRegistrationTest.verify_account_registration()[pri:0, instance:testCases.TC001_AccountRegistrationTest@49c66ade]" name="verify_account_registration" class="testCases.TC001_AccountRegistrationTest"/>
      </group> <!-- Regression -->
    </groups>
    <test started-at="2026-05-27T17:26:51 IST" name="Test" finished-at="2026-05-27T17:27:39 IST" duration-ms="48236">
      <class name="testCases.TC003_LoginDDT">
        <test-method is-config="true" signature="setUp(java.lang.String,java.lang.String)[pri:0, instance:testCases.TC003_LoginDDT@7164ca4c]" started-at="2026-05-27T17:27:09 IST" name="setUp" finished-at="2026-05-27T17:27:14 IST" duration-ms="4336" status="PASS">
          <params>
            <param index="0">
              <value>
                <![CDATA[Windows]]>
              </value>
            </param>
            <param index="1">
              <value>
                <![CDATA[chrome]]>
              </value>
            </param>
          </params>
          <reporter-output>
          </reporter-output>
        </test-method> <!-- setUp -->
        <test-method signature="verify_loginDDT(java.lang.String,java.lang.String,java.lang.String)[pri:0, instance:testCases.TC003_LoginDDT@7164ca4c]" started-at="2026-05-27T17:27:19 IST" name="verify_loginDDT" data-provider="LoginData" finished-at="2026-05-27T17:27:22 IST" duration-ms="3295" status="PASS">
          <params>
            <param index="0">
              <value>
                <![CDATA[sukanyachelpuri09@gmail.com]]>
              </value>
            </param>
            <param index="1">
              <value>
                <![CDATA[Sukanya123]]>
              </value>
            </param>
            <param index="2">
              <value>
                <![CDATA[valid]]>
              </value>
            </param>
          </params>
          <reporter-output>
          </reporter-output>
        </test-method> <!-- verify_loginDDT -->
        <test-method signature="verify_loginDDT(java.lang.String,java.lang.String,java.lang.String)[pri:0, instance:testCases.TC003_LoginDDT@7164ca4c]" started-at="2026-05-27T17:27:22 IST" name="verify_loginDDT" data-provider="LoginData" finished-at="2026-05-27T17:27:25 IST" duration-ms="2995" status="PASS">
          <params>
            <param index="0">
              <value>
                <![CDATA[sukanyachelpuri099@gmail.com]]>
              </value>
            </param>
            <param index="1">
              <value>
                <![CDATA[Sukanya345]]>
              </value>
            </param>
            <param index="2">
              <value>
                <![CDATA[valid]]>
              </value>
            </param>
          </params>
          <reporter-output>
          </reporter-output>
        </test-method> <!-- verify_loginDDT -->
        <test-method signature="verify_loginDDT(java.lang.String,java.lang.String,java.lang.String)[pri:0, instance:testCases.TC003_LoginDDT@7164ca4c]" started-at="2026-05-27T17:27:25 IST" name="verify_loginDDT" data-provider="LoginData" finished-at="2026-05-27T17:27:38 IST" duration-ms="13129" status="PASS">
          <params>
            <param index="0">
              <value>
                <![CDATA[SukanyaChelpuri ]]>
              </value>
            </param>
            <param index="1">
              <value>
                <![CDATA[Sukanya]]>
              </value>
            </param>
            <param index="2">
              <value>
                <![CDATA[Invalid]]>
              </value>
            </param>
          </params>
          <reporter-output>
          </reporter-output>
        </test-method> <!-- verify_loginDDT -->
        <test-method is-config="true" signature="tearDown()[pri:0, instance:testCases.TC003_LoginDDT@7164ca4c]" started-at="2026-05-27T17:27:38 IST" name="tearDown" finished-at="2026-05-27T17:27:39 IST" duration-ms="717" status="PASS">
          <reporter-output>
          </reporter-output>
        </test-method> <!-- tearDown -->
      </class> <!-- testCases.TC003_LoginDDT -->
      <class name="testCases.TC001_AccountRegistrationTest">
        <test-method is-config="true" signature="setUp(java.lang.String,java.lang.String)[pri:0, instance:testCases.TC001_AccountRegistrationTest@49c66ade]" started-at="2026-05-27T17:26:51 IST" name="setUp" finished-at="2026-05-27T17:27:02 IST" duration-ms="10189" status="PASS">
          <params>
            <param index="0">
              <value>
                <![CDATA[Windows]]>
              </value>
            </param>
            <param index="1">
              <value>
                <![CDATA[chrome]]>
              </value>
            </param>
          </params>
          <reporter-output>
          </reporter-output>
        </test-method> <!-- setUp -->
        <test-method signature="verify_account_registration()[pri:0, instance:testCases.TC001_AccountRegistrationTest@49c66ade]" started-at="2026-05-27T17:27:02 IST" name="verify_account_registration" finished-at="2026-05-27T17:27:09 IST" duration-ms="6713" status="PASS">
          <reporter-output>
          </reporter-output>
        </test-method> <!-- verify_account_registration -->
        <test-method is-config="true" signature="tearDown()[pri:0, instance:testCases.TC001_AccountRegistrationTest@49c66ade]" started-at="2026-05-27T17:27:09 IST" name="tearDown" finished-at="2026-05-27T17:27:09 IST" duration-ms="747" status="PASS">
          <reporter-output>
          </reporter-output>
        </test-method> <!-- tearDown -->
      </class> <!-- testCases.TC001_AccountRegistrationTest -->
    </test> <!-- Test -->
  </suite> <!-- Master Suite -->
</testng-results>
