<?xml version="1.0" encoding="UTF-8"?>
<testng-results ignored="0" total="5" passed="5" failed="0" skipped="0">
  <reporter-output>
  </reporter-output>
  <suite started-at="2025-11-16T14:13:06 IST" name="ParallelSuite" finished-at="2025-11-16T14:13:45 IST" duration-ms="38915">
    <groups>
      <group name="Master">
        <method signature="TC001_AccountRegistrationTest.verify_account_registration()[pri:0, instance:testCases.TC001_AccountRegistrationTest@674658f7]" name="verify_account_registration" class="testCases.TC001_AccountRegistrationTest"/>
        <method signature="TC002_LoginTest.verify_Login()[pri:0, instance:testCases.TC002_LoginTest@1fcb4808]" name="verify_Login" class="testCases.TC002_LoginTest"/>
      </group> <!-- Master -->
      <group name="Sanity">
        <method signature="TC002_LoginTest.verify_Login()[pri:0, instance:testCases.TC002_LoginTest@1fcb4808]" name="verify_Login" class="testCases.TC002_LoginTest"/>
      </group> <!-- Sanity -->
      <group name="DataDriven">
        <method signature="TC003_LoginDDT.verify_loginDDT(java.lang.String,java.lang.String,java.lang.String)[pri:0, instance:testCases.TC003_LoginDDT@75e91545]" name="verify_loginDDT" class="testCases.TC003_LoginDDT"/>
      </group> <!-- DataDriven -->
      <group name="Regression">
        <method signature="TC001_AccountRegistrationTest.verify_account_registration()[pri:0, instance:testCases.TC001_AccountRegistrationTest@674658f7]" name="verify_account_registration" class="testCases.TC001_AccountRegistrationTest"/>
      </group> <!-- Regression -->
    </groups>
    <test started-at="2025-11-16T14:13:06 IST" name="ChromeTest" finished-at="2025-11-16T14:13:24 IST" duration-ms="18208">
      <class name="testCases.TC001_AccountRegistrationTest">
        <test-method is-config="true" signature="setUp(java.lang.String,java.lang.String)[pri:0, instance:testCases.TC001_AccountRegistrationTest@674658f7]" started-at="2025-11-16T14:13:06 IST" name="setUp" finished-at="2025-11-16T14:13:10 IST" duration-ms="4169" status="PASS">
          <params>
            <param index="0">
              <value>
                <![CDATA[Windows]]>
              </value>
            </param>
            <param index="1">
              <value>
                <![CDATA[chrome]]>
              </value>
            </param>
          </params>
          <reporter-output>
          </reporter-output>
        </test-method> <!-- setUp -->
        <test-method signature="verify_account_registration()[pri:0, instance:testCases.TC001_AccountRegistrationTest@674658f7]" started-at="2025-11-16T14:13:10 IST" name="verify_account_registration" finished-at="2025-11-16T14:13:21 IST" duration-ms="10825" status="PASS">
          <reporter-output>
          </reporter-output>
        </test-method> <!-- verify_account_registration -->
        <test-method is-config="true" signature="tearDown()[pri:0, instance:testCases.TC001_AccountRegistrationTest@674658f7]" started-at="2025-11-16T14:13:21 IST" name="tearDown" finished-at="2025-11-16T14:13:24 IST" duration-ms="2896" status="PASS">
          <reporter-output>
          </reporter-output>
        </test-method> <!-- tearDown -->
      </class> <!-- testCases.TC001_AccountRegistrationTest -->
    </test> <!-- ChromeTest -->
    <test started-at="2025-11-16T14:13:06 IST" name="fireFoxTest" finished-at="2025-11-16T14:13:22 IST" duration-ms="16348">
      <class name="testCases.TC002_LoginTest">
        <test-method is-config="true" signature="setUp(java.lang.String,java.lang.String)[pri:0, instance:testCases.TC002_LoginTest@1fcb4808]" started-at="2025-11-16T14:13:06 IST" name="setUp" finished-at="2025-11-16T14:13:10 IST" duration-ms="4164" status="PASS">
          <params>
            <param index="0">
              <value>
                <![CDATA[Windows]]>
              </value>
            </param>
            <param index="1">
              <value>
                <![CDATA[chrome]]>
              </value>
            </param>
          </params>
          <reporter-output>
          </reporter-output>
        </test-method> <!-- setUp -->
        <test-method signature="verify_Login()[pri:0, instance:testCases.TC002_LoginTest@1fcb4808]" started-at="2025-11-16T14:13:10 IST" name="verify_Login" finished-at="2025-11-16T14:13:16 IST" duration-ms="5578" status="PASS">
          <reporter-output>
          </reporter-output>
        </test-method> <!-- verify_Login -->
        <test-method is-config="true" signature="tearDown()[pri:0, instance:testCases.TC002_LoginTest@1fcb4808]" started-at="2025-11-16T14:13:16 IST" name="tearDown" finished-at="2025-11-16T14:13:22 IST" duration-ms="6093" status="PASS">
          <reporter-output>
          </reporter-output>
        </test-method> <!-- tearDown -->
      </class> <!-- testCases.TC002_LoginTest -->
    </test> <!-- fireFoxTest -->
    <test started-at="2025-11-16T14:13:06 IST" name="edgeTest" finished-at="2025-11-16T14:13:45 IST" duration-ms="38915">
      <class name="testCases.TC003_LoginDDT">
        <test-method is-config="true" signature="setUp(java.lang.String,java.lang.String)[pri:0, instance:testCases.TC003_LoginDDT@75e91545]" started-at="2025-11-16T14:13:06 IST" name="setUp" finished-at="2025-11-16T14:13:10 IST" duration-ms="4010" status="PASS">
          <params>
            <param index="0">
              <value>
                <![CDATA[Windows]]>
              </value>
            </param>
            <param index="1">
              <value>
                <![CDATA[chrome]]>
              </value>
            </param>
          </params>
          <reporter-output>
          </reporter-output>
        </test-method> <!-- setUp -->
        <test-method signature="verify_loginDDT(java.lang.String,java.lang.String,java.lang.String)[pri:0, instance:testCases.TC003_LoginDDT@75e91545]" started-at="2025-11-16T14:13:20 IST" name="verify_loginDDT" data-provider="LoginData" finished-at="2025-11-16T14:13:25 IST" duration-ms="5581" status="PASS">
          <params>
            <param index="0">
              <value>
                <![CDATA[sukanyachelpuri09@gmail.com]]>
              </value>
            </param>
            <param index="1">
              <value>
                <![CDATA[Sukanya123]]>
              </value>
            </param>
            <param index="2">
              <value>
                <![CDATA[valid]]>
              </value>
            </param>
          </params>
          <reporter-output>
          </reporter-output>
        </test-method> <!-- verify_loginDDT -->
        <test-method signature="verify_loginDDT(java.lang.String,java.lang.String,java.lang.String)[pri:0, instance:testCases.TC003_LoginDDT@75e91545]" started-at="2025-11-16T14:13:25 IST" name="verify_loginDDT" data-provider="LoginData" finished-at="2025-11-16T14:13:31 IST" duration-ms="5988" status="PASS">
          <params>
            <param index="0">
              <value>
                <![CDATA[sukanyachelpuri099@gmail.com]]>
              </value>
            </param>
            <param index="1">
              <value>
                <![CDATA[Sukanya345]]>
              </value>
            </param>
            <param index="2">
              <value>
                <![CDATA[valid]]>
              </value>
            </param>
          </params>
          <reporter-output>
          </reporter-output>
        </test-method> <!-- verify_loginDDT -->
        <test-method signature="verify_loginDDT(java.lang.String,java.lang.String,java.lang.String)[pri:0, instance:testCases.TC003_LoginDDT@75e91545]" started-at="2025-11-16T14:13:31 IST" name="verify_loginDDT" data-provider="LoginData" finished-at="2025-11-16T14:13:44 IST" duration-ms="13079" status="PASS">
          <params>
            <param index="0">
              <value>
                <![CDATA[SukanyaChelpuri ]]>
              </value>
            </param>
            <param index="1">
              <value>
                <![CDATA[Sukanya]]>
              </value>
            </param>
            <param index="2">
              <value>
                <![CDATA[Invalid]]>
              </value>
            </param>
          </params>
          <reporter-output>
          </reporter-output>
        </test-method> <!-- verify_loginDDT -->
        <test-method is-config="true" signature="tearDown()[pri:0, instance:testCases.TC003_LoginDDT@75e91545]" started-at="2025-11-16T14:13:44 IST" name="tearDown" finished-at="2025-11-16T14:13:45 IST" duration-ms="483" status="PASS">
          <reporter-output>
          </reporter-output>
        </test-method> <!-- tearDown -->
      </class> <!-- testCases.TC003_LoginDDT -->
    </test> <!-- edgeTest -->
  </suite> <!-- ParallelSuite -->
</testng-results>
