<?xml version="1.0" encoding="UTF-8"?>
<!-- Generated by org.testng.reporters.JUnitReportReporter -->
<testsuite hostname="Sukanya" failures="0" tests="3" name="testCases.TC003_LoginDDT" time="43.642" errors="0" timestamp="2026-05-27T22:42:13 IST" skipped="0">
  <testcase classname="testCases.TC003_LoginDDT" name="verify_loginDDT" time="12.202"/>
  <testcase classname="testCases.TC003_LoginDDT" name="verify_loginDDT" time="16.502"/>
  <testcase classname="testCases.TC003_LoginDDT" name="verify_loginDDT" time="14.938"/>
</testsuite> <!-- testCases.TC003_LoginDDT -->
