<?xml version="1.0" encoding="UTF-8"?>
<!-- Generated by org.testng.reporters.JUnitReportReporter -->
<testsuite hostname="Sukanya" failures="0" tests="3" name="testCases.TC001_AccountRegistrationTest" time="67.918" errors="0" timestamp="2026-05-27T23:11:04 IST" skipped="0">
  <testcase classname="testCases.TC001_AccountRegistrationTest" name="verify_account_registration" time="14.024"/>
  <testcase classname="testCases.TC001_AccountRegistrationTest" name="verify_account_registration" time="31.046"/>
  <testcase classname="testCases.TC001_AccountRegistrationTest" name="verify_account_registration" time="22.848"/>
</testsuite> <!-- testCases.TC001_AccountRegistrationTest -->
