<?xml version="1.0" encoding="UTF-8"?>
<!-- Generated by org.testng.reporters.JUnitReportReporter -->
<testsuite hostname="Sukanya" failures="0" tests="3" name="testCases.TC003_LoginDDT" time="24.648" errors="0" timestamp="2025-11-16T14:13:46 IST" skipped="0">
  <testcase classname="testCases.TC003_LoginDDT" name="verify_loginDDT" time="13.079"/>
  <testcase classname="testCases.TC003_LoginDDT" name="verify_loginDDT" time="5.988"/>
  <testcase classname="testCases.TC003_LoginDDT" name="verify_loginDDT" time="5.581"/>
</testsuite> <!-- testCases.TC003_LoginDDT -->
