<?xml version="1.0" encoding="UTF-8"?>
<!-- Generated by org.testng.reporters.JUnitReportReporter -->
<testsuite hostname="Sukanya" failures="0" tests="3" name="testCases.TC003_LoginDDT" time="19.419" errors="0" timestamp="2026-05-27T17:27:42 IST" skipped="0">
  <testcase classname="testCases.TC003_LoginDDT" name="verify_loginDDT" time="3.295"/>
  <testcase classname="testCases.TC003_LoginDDT" name="verify_loginDDT" time="13.129"/>
  <testcase classname="testCases.TC003_LoginDDT" name="verify_loginDDT" time="2.995"/>
</testsuite> <!-- testCases.TC003_LoginDDT -->
